{
  "stats": {
    "suites": 1,
    "tests": 2,
    "passes": 2,
    "pending": 0,
    "failures": 0,
    "start": "2023-12-20T04:08:24.774Z",
    "end": "2023-12-20T04:08:34.486Z",
    "duration": 9712,
    "testsRegistered": 2,
    "passPercent": 100,
    "pendingPercent": 0,
    "other": 0,
    "hasOther": false,
    "skipped": 0,
    "hasSkipped": false
  },
  "results": [
    {
      "uuid": "c4e404ec-e8d4-4cc3-8361-b763acbfd4b4",
      "title": "",
      "fullFile": "cypress/e2e/specs/03_loginSpec.cy.js",
      "file": "cypress/e2e/specs/03_loginSpec.cy.js",
      "beforeHooks": [],
      "afterHooks": [],
      "tests": [],
      "suites": [
        {
          "uuid": "f7211d24-75fe-4400-8be2-6724aede63e6",
          "title": "05.Verify user and password correct",
          "fullFile": "",
          "file": "",
          "beforeHooks": [],
          "afterHooks": [],
          "tests": [
            {
              "title": "enter to web and login",
              "fullTitle": "05.Verify user and password correct enter to web and login",
              "timedOut": null,
              "duration": 4247,
              "state": "passed",
              "speed": "fast",
              "pass": true,
              "fail": false,
              "pending": false,
              "context": null,
              "code": "cy.clearAllCookies();\nloginStepDefinition.goLoginPage();\nloginStepDefinition.login();",
              "err": {},
              "uuid": "18404e72-bce6-4c03-9021-8fc4cdc0d78b",
              "parentUUID": "f7211d24-75fe-4400-8be2-6724aede63e6",
              "isHook": false,
              "skipped": false
            },
            {
              "title": "verify if user is logged",
              "fullTitle": "05.Verify user and password correct verify if user is logged",
              "timedOut": null,
              "duration": 4902,
              "state": "passed",
              "speed": "fast",
              "pass": true,
              "fail": false,
              "pending": false,
              "context": null,
              "code": "loginStepDefinition.verifyLogin();",
              "err": {},
              "uuid": "09e223a3-f148-469a-b3dc-2c23ac648fc0",
              "parentUUID": "f7211d24-75fe-4400-8be2-6724aede63e6",
              "isHook": false,
              "skipped": false
            }
          ],
          "suites": [],
          "passes": [
            "18404e72-bce6-4c03-9021-8fc4cdc0d78b",
            "09e223a3-f148-469a-b3dc-2c23ac648fc0"
          ],
          "failures": [],
          "pending": [],
          "skipped": [],
          "duration": 9149,
          "root": false,
          "rootEmpty": false,
          "_timeout": 2000
        }
      ],
      "passes": [],
      "failures": [],
      "pending": [],
      "skipped": [],
      "duration": 0,
      "root": true,
      "rootEmpty": true,
      "_timeout": 2000
    }
  ],
  "meta": {
    "mocha": {
      "version": "7.0.1"
    },
    "mochawesome": {
      "options": {
        "quiet": false,
        "reportFilename": "mochawesome",
        "saveHtml": false,
        "saveJson": true,
        "consoleReporter": "spec",
        "useInlineDiffs": false,
        "code": true
      },
      "version": "7.1.3"
    },
    "marge": {
      "options": {
        "charts": true,
        "reportPageTitle": "custom-title",
        "embeddedScreenshots": true,
        "overwrite": false,
        "html": false,
        "json": true,
        "inlineAssets": true,
        "saveAllAttempts": false
      },
      "version": "6.2.0"
    }
  }
}