{
  "stats": {
    "suites": 2,
    "tests": 4,
    "passes": 2,
    "pending": 0,
    "failures": 2,
    "start": "2023-12-20T04:07:06.480Z",
    "end": "2023-12-20T04:07:32.146Z",
    "duration": 25666,
    "testsRegistered": 4,
    "passPercent": 50,
    "pendingPercent": 0,
    "other": 0,
    "hasOther": false,
    "skipped": 0,
    "hasSkipped": false
  },
  "results": [
    {
      "uuid": "3cd55b62-b9c0-4de0-98dd-f7a07e6fe14d",
      "title": "",
      "fullFile": "cypress/e2e/specs/01_filesSpec.cy.js",
      "file": "cypress/e2e/specs/01_filesSpec.cy.js",
      "beforeHooks": [],
      "afterHooks": [],
      "tests": [],
      "suites": [
        {
          "uuid": "7d8bbd87-16d9-4cad-996a-d303f93fb5d5",
          "title": "01.Uploading a file succesfully",
          "fullFile": "",
          "file": "",
          "beforeHooks": [],
          "afterHooks": [],
          "tests": [
            {
              "title": "go to upload files",
              "fullTitle": "01.Uploading a file succesfully go to upload files",
              "timedOut": null,
              "duration": 1479,
              "state": "passed",
              "speed": "fast",
              "pass": true,
              "fail": false,
              "pending": false,
              "context": null,
              "code": "uploadFilePage.goUploadFilePage(); // Navigate to the file upload page before each test\ncy.fixture('elements').then(elements => {\n  webElement = elements;\n});",
              "err": {},
              "uuid": "f8eb5a54-fb0f-4bd8-ba8a-37b6654188fc",
              "parentUUID": "7d8bbd87-16d9-4cad-996a-d303f93fb5d5",
              "isHook": false,
              "skipped": false
            },
            {
              "title": "Uploads a file and clicks the upload button",
              "fullTitle": "01.Uploading a file succesfully Uploads a file and clicks the upload button",
              "timedOut": null,
              "duration": 10720,
              "state": "failed",
              "speed": null,
              "pass": false,
              "fail": true,
              "pending": false,
              "context": "\"assets/01_filesSpec.cy.js/01.Uploading a file succesfully -- Uploads a file and clicks the upload button (failed).png\"",
              "code": "cy.intercept('POST', 'https://exif.tools/upload.php').as('fileUpload'); // Intercept the POST request to the specified URL and assign it an alias\nuploadFilePage.upload(webElement.uploadFileInput, '00001_200114_cilcn_mager_zyl0_fe1_DiagRA_1.xml');\nuploadFilePage.clickOnUpload(webElement.uploadFileButton);\nuploadFilePage.interceptResponse();\nuploadFilePage.validateMetadata(webElement);",
              "err": {
                "message": "AssertionError: Timed out retrying after 10000ms: expected '<td>' to contain '189 bytes'",
                "estack": "AssertionError: Timed out retrying after 10000ms: expected '<td>' to contain '189 bytes'\n    at Context.eval (webpack://base_fmrk_cypress/./cypress/e2e/pages/uploadFilePage.js:29:36)",
                "diff": null
              },
              "uuid": "fb0b928d-59ce-404e-b037-ceabce761a65",
              "parentUUID": "7d8bbd87-16d9-4cad-996a-d303f93fb5d5",
              "isHook": false,
              "skipped": false
            }
          ],
          "suites": [],
          "passes": [
            "f8eb5a54-fb0f-4bd8-ba8a-37b6654188fc"
          ],
          "failures": [
            "fb0b928d-59ce-404e-b037-ceabce761a65"
          ],
          "pending": [],
          "skipped": [],
          "duration": 12199,
          "root": false,
          "rootEmpty": false,
          "_timeout": 2000
        },
        {
          "uuid": "12d995d1-7e52-4210-9f86-cbb63bfe1c60",
          "title": "02.Uploading a file unsuccesfully",
          "fullFile": "",
          "file": "",
          "beforeHooks": [],
          "afterHooks": [],
          "tests": [
            {
              "title": "go to upload files",
              "fullTitle": "02.Uploading a file unsuccesfully go to upload files",
              "timedOut": null,
              "duration": 137,
              "state": "passed",
              "speed": "fast",
              "pass": true,
              "fail": false,
              "pending": false,
              "context": null,
              "code": "uploadFilePage.goUploadFilePage(); // Navigate to the file upload page before each test\ncy.fixture('elements').then(elements => {\n  webElement = elements;\n});",
              "err": {},
              "uuid": "4f0236b4-5937-4fef-8222-92a0e711a69b",
              "parentUUID": "12d995d1-7e52-4210-9f86-cbb63bfe1c60",
              "isHook": false,
              "skipped": false
            },
            {
              "title": "Uploads a file and clicks the upload button",
              "fullTitle": "02.Uploading a file unsuccesfully Uploads a file and clicks the upload button",
              "timedOut": null,
              "duration": 10577,
              "state": "failed",
              "speed": null,
              "pass": false,
              "fail": true,
              "pending": false,
              "context": "\"assets/01_filesSpec.cy.js/02.Uploading a file unsuccesfully -- Uploads a file and clicks the upload button (failed).png\"",
              "code": "cy.intercept('POST', 'https://exif.tools/upload.php').as('fileUpload');\nuploadFilePage.upload(webElement.uploadFileInput, 'report-8728494985452779519.xml');\nuploadFilePage.clickOnUpload(webElement.uploadFileButton);\nuploadFilePage.interceptResponse();\nuploadFilePage.validateMetadata(webElement);",
              "err": {
                "message": "AssertionError: Timed out retrying after 10000ms: expected '<div.jumbotron>' to contain '00001_200114_cilcn_mager_zyl0_fe1_DiagRA_1.xml'",
                "estack": "AssertionError: Timed out retrying after 10000ms: expected '<div.jumbotron>' to contain '00001_200114_cilcn_mager_zyl0_fe1_DiagRA_1.xml'\n    at Context.eval (webpack://base_fmrk_cypress/./cypress/e2e/pages/uploadFilePage.js:28:32)",
                "diff": null
              },
              "uuid": "e10ced53-160b-403b-b0b7-80eaf87755cb",
              "parentUUID": "12d995d1-7e52-4210-9f86-cbb63bfe1c60",
              "isHook": false,
              "skipped": false
            }
          ],
          "suites": [],
          "passes": [
            "4f0236b4-5937-4fef-8222-92a0e711a69b"
          ],
          "failures": [
            "e10ced53-160b-403b-b0b7-80eaf87755cb"
          ],
          "pending": [],
          "skipped": [],
          "duration": 10714,
          "root": false,
          "rootEmpty": false,
          "_timeout": 2000
        }
      ],
      "passes": [],
      "failures": [],
      "pending": [],
      "skipped": [],
      "duration": 0,
      "root": true,
      "rootEmpty": true,
      "_timeout": 2000
    }
  ],
  "meta": {
    "mocha": {
      "version": "7.0.1"
    },
    "mochawesome": {
      "options": {
        "quiet": false,
        "reportFilename": "mochawesome",
        "saveHtml": false,
        "saveJson": true,
        "consoleReporter": "spec",
        "useInlineDiffs": false,
        "code": true
      },
      "version": "7.1.3"
    },
    "marge": {
      "options": {
        "charts": true,
        "reportPageTitle": "custom-title",
        "embeddedScreenshots": true,
        "overwrite": false,
        "html": false,
        "json": true,
        "inlineAssets": true,
        "saveAllAttempts": false
      },
      "version": "6.2.0"
    }
  }
}