{
  "stats": {
    "suites": 2,
    "tests": 6,
    "passes": 5,
    "pending": 0,
    "failures": 1,
    "start": "2023-12-20T04:07:35.389Z",
    "end": "2023-12-20T04:08:21.634Z",
    "duration": 46245,
    "testsRegistered": 6,
    "passPercent": 83.33333333333334,
    "pendingPercent": 0,
    "other": 0,
    "hasOther": false,
    "skipped": 0,
    "hasSkipped": false
  },
  "results": [
    {
      "uuid": "f6fccb88-c33d-43d9-aeda-a7fc5a1032d5",
      "title": "",
      "fullFile": "cypress/e2e/specs/02_filterSpec.cy.js",
      "file": "cypress/e2e/specs/02_filterSpec.cy.js",
      "beforeHooks": [],
      "afterHooks": [],
      "tests": [],
      "suites": [
        {
          "uuid": "44522852-b414-4206-a02a-56290913b4dc",
          "title": "03.can filter cases by one key correct",
          "fullFile": "",
          "file": "",
          "beforeHooks": [],
          "afterHooks": [],
          "tests": [
            {
              "title": "enter to web and login",
              "fullTitle": "03.can filter cases by one key correct enter to web and login",
              "timedOut": null,
              "duration": 10582,
              "state": "passed",
              "speed": "slow",
              "pass": true,
              "fail": false,
              "pending": false,
              "context": null,
              "code": "cy.clearAllCookies();\nloginStepDefinition.goLoginPage();\nloginStepDefinition.login();",
              "err": {},
              "uuid": "0cd95bf6-ca65-4d91-b909-ff8f482b3270",
              "parentUUID": "44522852-b414-4206-a02a-56290913b4dc",
              "isHook": false,
              "skipped": false
            },
            {
              "title": "enter to filter page",
              "fullTitle": "03.can filter cases by one key correct enter to filter page",
              "timedOut": null,
              "duration": 2727,
              "state": "passed",
              "speed": "fast",
              "pass": true,
              "fail": false,
              "pending": false,
              "context": null,
              "code": "tablePage.navigateTablePage();",
              "err": {},
              "uuid": "cdafc2cb-881c-4638-9ee0-552b0f5b88d5",
              "parentUUID": "44522852-b414-4206-a02a-56290913b4dc",
              "isHook": false,
              "skipped": false
            },
            {
              "title": "can perform a search and succesfully obtain results",
              "fullTitle": "03.can filter cases by one key correct can perform a search and succesfully obtain results",
              "timedOut": null,
              "duration": 4456,
              "state": "passed",
              "speed": "fast",
              "pass": true,
              "fail": false,
              "pending": false,
              "context": null,
              "code": "tablePage.searchQuery(\"2000\");\ntablePage.validateMatches(\"2000\");\nloginStepDefinition.goLoginPage();",
              "err": {},
              "uuid": "24c99282-22c2-4c0f-8954-e401d6ebb9fa",
              "parentUUID": "44522852-b414-4206-a02a-56290913b4dc",
              "isHook": false,
              "skipped": false
            }
          ],
          "suites": [],
          "passes": [
            "0cd95bf6-ca65-4d91-b909-ff8f482b3270",
            "cdafc2cb-881c-4638-9ee0-552b0f5b88d5",
            "24c99282-22c2-4c0f-8954-e401d6ebb9fa"
          ],
          "failures": [],
          "pending": [],
          "skipped": [],
          "duration": 17765,
          "root": false,
          "rootEmpty": false,
          "_timeout": 2000
        },
        {
          "uuid": "d7cb16f3-29e3-4f0b-8794-3be2ed875d65",
          "title": "04.can filter cases by one key incorrect",
          "fullFile": "",
          "file": "",
          "beforeHooks": [],
          "afterHooks": [],
          "tests": [
            {
              "title": "enter to web and login",
              "fullTitle": "04.can filter cases by one key incorrect enter to web and login",
              "timedOut": null,
              "duration": 15885,
              "state": "passed",
              "speed": "slow",
              "pass": true,
              "fail": false,
              "pending": false,
              "context": null,
              "code": "cy.clearAllCookies();\nloginStepDefinition.goLoginPage();\nloginStepDefinition.login();",
              "err": {},
              "uuid": "4bff03e7-5469-42b7-87d1-75035a98cd5c",
              "parentUUID": "d7cb16f3-29e3-4f0b-8794-3be2ed875d65",
              "isHook": false,
              "skipped": false
            },
            {
              "title": "enter to filter page",
              "fullTitle": "04.can filter cases by one key incorrect enter to filter page",
              "timedOut": null,
              "duration": 1406,
              "state": "passed",
              "speed": "fast",
              "pass": true,
              "fail": false,
              "pending": false,
              "context": null,
              "code": "tablePage.navigateTablePage();",
              "err": {},
              "uuid": "ff6e5a73-d556-4738-8215-426473d4b855",
              "parentUUID": "d7cb16f3-29e3-4f0b-8794-3be2ed875d65",
              "isHook": false,
              "skipped": false
            },
            {
              "title": "can perform a search and the results should not match",
              "fullTitle": "04.can filter cases by one key incorrect can perform a search and the results should not match",
              "timedOut": null,
              "duration": 10703,
              "state": "failed",
              "speed": null,
              "pass": false,
              "fail": true,
              "pending": false,
              "context": "\"assets/02_filterSpec.cy.js/04.can filter cases by one key incorrect -- can perform a search and the results should not match (failed).png\"",
              "code": "tablePage.searchQuery(\"2000\");\ntablePage.validateMatches(\"abc\");",
              "err": {
                "message": "AssertionError: Timed out retrying after 10000ms: expected '<div.rt-tr-group>' to contain 'abc'",
                "estack": "AssertionError: Timed out retrying after 10000ms: expected '<div.rt-tr-group>' to contain 'abc'\n    at eval (webpack://base_fmrk_cypress/./cypress/e2e/pages/tablePage.js:45:35)\n    at Context.eval (webpack://base_fmrk_cypress/./cypress/e2e/pages/tablePage.js:44:18)",
                "diff": null
              },
              "uuid": "3005ffda-e9c0-498e-bbcd-aa3a92e01e2b",
              "parentUUID": "d7cb16f3-29e3-4f0b-8794-3be2ed875d65",
              "isHook": false,
              "skipped": false
            }
          ],
          "suites": [],
          "passes": [
            "4bff03e7-5469-42b7-87d1-75035a98cd5c",
            "ff6e5a73-d556-4738-8215-426473d4b855"
          ],
          "failures": [
            "3005ffda-e9c0-498e-bbcd-aa3a92e01e2b"
          ],
          "pending": [],
          "skipped": [],
          "duration": 27994,
          "root": false,
          "rootEmpty": false,
          "_timeout": 2000
        }
      ],
      "passes": [],
      "failures": [],
      "pending": [],
      "skipped": [],
      "duration": 0,
      "root": true,
      "rootEmpty": true,
      "_timeout": 2000
    }
  ],
  "meta": {
    "mocha": {
      "version": "7.0.1"
    },
    "mochawesome": {
      "options": {
        "quiet": false,
        "reportFilename": "mochawesome",
        "saveHtml": false,
        "saveJson": true,
        "consoleReporter": "spec",
        "useInlineDiffs": false,
        "code": true
      },
      "version": "7.1.3"
    },
    "marge": {
      "options": {
        "charts": true,
        "reportPageTitle": "custom-title",
        "embeddedScreenshots": true,
        "overwrite": false,
        "html": false,
        "json": true,
        "inlineAssets": true,
        "saveAllAttempts": false
      },
      "version": "6.2.0"
    }
  }
}